<?xml version="1.0" encoding="UTF-8"?>
<!-- Generated by org.testng.reporters.JUnitXMLReporter -->
<testsuite ignored="0" hostname="DESKTOP-6VEAE9B" failures="0" tests="3" name="Default test" time="99.144" errors="0" timestamp="2023-12-01T18:51:38 IST">
  <testcase classname="demo.SampleDemo" name="genderSelect" time="1.316"/>
  <testcase classname="demo.SampleDemo" name="provideName" time="0.701"/>
  <testcase classname="demo.SampleDemo" name="dropDown" time="1.14"/>
</testsuite> <!-- Default test -->
