<?xml version="1.0" encoding="UTF-8"?>
<testng-results skipped="0" failed="0" ignored="0" total="3" passed="3">
  <reporter-output>
  </reporter-output>
  <suite name="Suite" duration-ms="43995" started-at="2023-12-01T19:01:19 IST" finished-at="2023-12-01T19:02:03 IST">
    <groups>
    </groups>
    <test name="Test" duration-ms="43995" started-at="2023-12-01T19:01:19 IST" finished-at="2023-12-01T19:02:03 IST">
      <class name="demo.SampleDemo">
        <test-method status="PASS" signature="startUp()[pri:0, instance:demo.SampleDemo@11438d26]" name="startUp" is-config="true" duration-ms="31777" started-at="2023-12-01T19:01:19 IST" finished-at="2023-12-01T19:01:51 IST">
          <reporter-output>
          </reporter-output>
        </test-method> <!-- startUp -->
        <test-method status="PASS" signature="genderSelect()[pri:0, instance:demo.SampleDemo@11438d26]" name="genderSelect" duration-ms="1625" started-at="2023-12-01T19:01:52 IST" finished-at="2023-12-01T19:01:53 IST">
          <reporter-output>
          </reporter-output>
        </test-method> <!-- genderSelect -->
        <test-method status="PASS" signature="provideName()[pri:1, instance:demo.SampleDemo@11438d26]" name="provideName" duration-ms="1438" started-at="2023-12-01T19:01:53 IST" finished-at="2023-12-01T19:01:55 IST">
          <reporter-output>
          </reporter-output>
        </test-method> <!-- provideName -->
        <test-method status="PASS" signature="dropDown()[pri:2, instance:demo.SampleDemo@11438d26]" name="dropDown" duration-ms="1613" started-at="2023-12-01T19:01:55 IST" finished-at="2023-12-01T19:01:56 IST">
          <reporter-output>
          </reporter-output>
        </test-method> <!-- dropDown -->
        <test-method status="PASS" signature="methodTwo()[pri:0, instance:demo.SampleDemo@11438d26]" name="methodTwo" is-config="true" duration-ms="7222" started-at="2023-12-01T19:01:56 IST" finished-at="2023-12-01T19:02:03 IST">
          <reporter-output>
          </reporter-output>
        </test-method> <!-- methodTwo -->
      </class> <!-- demo.SampleDemo -->
    </test> <!-- Test -->
  </suite> <!-- Suite -->
</testng-results>
