<?xml version="1.0" encoding="UTF-8"?>
<testng-results ignored="0" total="3" passed="3" failed="0" skipped="0">
  <reporter-output>
  </reporter-output>
  <suite started-at="2023-12-01T18:49:58 IST" name="Default suite" finished-at="2023-12-01T18:51:37 IST" duration-ms="99144">
    <groups>
    </groups>
    <test started-at="2023-12-01T18:49:58 IST" name="Default test" finished-at="2023-12-01T18:51:37 IST" duration-ms="99144">
      <class name="demo.SampleDemo">
        <test-method is-config="true" signature="startUp()[pri:0, instance:demo.SampleDemo@70cf32e3]" started-at="2023-12-01T18:49:58 IST" name="startUp" finished-at="2023-12-01T18:51:24 IST" duration-ms="85929" status="PASS">
          <reporter-output>
          </reporter-output>
        </test-method> <!-- startUp -->
        <test-method signature="genderSelect()[pri:0, instance:demo.SampleDemo@70cf32e3]" started-at="2023-12-01T18:51:24 IST" name="genderSelect" finished-at="2023-12-01T18:51:25 IST" duration-ms="1316" status="PASS">
          <reporter-output>
          </reporter-output>
        </test-method> <!-- genderSelect -->
        <test-method signature="provideName()[pri:1, instance:demo.SampleDemo@70cf32e3]" started-at="2023-12-01T18:51:25 IST" name="provideName" finished-at="2023-12-01T18:51:26 IST" duration-ms="701" status="PASS">
          <reporter-output>
          </reporter-output>
        </test-method> <!-- provideName -->
        <test-method signature="dropDown()[pri:2, instance:demo.SampleDemo@70cf32e3]" started-at="2023-12-01T18:51:26 IST" name="dropDown" finished-at="2023-12-01T18:51:27 IST" duration-ms="1140" status="PASS">
          <reporter-output>
          </reporter-output>
        </test-method> <!-- dropDown -->
        <test-method is-config="true" signature="methodTwo()[pri:0, instance:demo.SampleDemo@70cf32e3]" started-at="2023-12-01T18:51:27 IST" name="methodTwo" finished-at="2023-12-01T18:51:37 IST" duration-ms="9891" status="PASS">
          <reporter-output>
          </reporter-output>
        </test-method> <!-- methodTwo -->
      </class> <!-- demo.SampleDemo -->
    </test> <!-- Default test -->
  </suite> <!-- Default suite -->
</testng-results>
